Network: ../example/reluBenchmark3.11155605316s_UNSAT.nnet
Number of layers: 6. Input layer size: 6. Output layer size: 1. Number of ReLUs: 137
Total number of variables: 281
Property: ../example/builtin_property.txt

Engine::processInputQuery: Input query (before preprocessing): 138 equations, 281 variables
Engine::processInputQuery: Input query (after preprocessing): 261 equations, 299 variables

Input bounds:
	x0: [  0.3415,   0.4197] 
	x1: [  0.5111,   0.5892] 
	x2: [  0.0935,   0.1716] 
	x3: [  0.4137,   0.4918] 
	x4: [  0.1753,   0.2534] 
	x5: [ -0.3235,  -0.2454] 

Branching heuristics set to LargestInterval

Engine::solve: Initial statistics

21:23:07 Statistics update:
	--- Time Statistics ---
	Total time elapsed: 17 milli (00:00:00)
		Main loop: 0 milli (00:00:00)
		Preprocessing time: 10 milli (00:00:00)
		Unknown: 6 milli (00:00:00)
	Breakdown for main loop:
		[0.00%] Simplex steps: 0 milli
		[0.00%] Explicit-basis bound tightening: 0 milli
		[0.00%] Constraint-matrix bound tightening: 0 milli
		[0.00%] Degradation checking: 0 milli
		[0.00%] Precision restoration: 0 milli
		[0.00%] Statistics handling: 0 milli
		[0.00%] Constraint-fixing steps: 0 milli
		[0.00%] Valid case splits: 0 milli. Average per split: 0.00 milli
		[0.00%] Applying stored bound-tightening: 0 milli
		[0.00%] SMT core: 0 milli
		[0.00%] Symbolic Bound Tightening: 1 milli
		[0.00%] SoI-based local search: 0 milli
		[0.00%] SoI-based local search: 0 milli
		[0.00%] Unaccounted for: 0 milli
	--- Preprocessor Statistics ---
	Number of preprocessor bound-tightening loop iterations: 6
	Number of eliminated variables: 119
	Number of constraints removed due to variable elimination: 91
	Number of equations removed due to variable elimination: 0
	--- Engine Statistics ---
	Number of main loop iterations: 1
		0 iterations were simplex steps. Total time: 0 milli. Average: 0.00 milli.
		0 iterations were constraint-fixing steps. Total time: 0 milli. Average: 0.00 milli
	Number of active piecewise-linear constraints: 46 / 46
		Constraints disabled by valid splits: 0. By SMT-originated splits: 0
	Last reported degradation: 0.0000000000. Max degradation so far: 0.0000000000. Restorations so far: 0
	Number of simplex pivots we attempted to skip because of instability: 0.
	Unstable pivots performed anyway: 0
	--- Tableau Statistics ---
	Total number of pivots performed: 0
		Real pivots: 0. Degenerate: 0 (0.00%)
		Degenerate pivots by request (e.g., to fix a PL constraint): 0 (0.00%)
		Average time per pivot: 0.00 milli
	Total number of fake pivots performed: 0
	Total number of rows added: 0. Number of merged columns: 0
	Current tableau dimensions: M = 247, N = 546
	--- SMT Core Statistics ---
	Total depth is 0. Total visited states: 1. Number of splits: 0. Number of pops: 0
	Max stack depth: 0
	--- Bound Tightening Statistics ---
	Number of tightened bounds: 0.
		Number of rows examined by row tightener: 0. Consequent tightenings: 0
		Number of explicit basis matrices examined by row tightener: 0. Consequent tightenings: 0
		Number of bound tightening rounds on the entire constraint matrix: 0. Consequent tightenings: 0
		Number of bound notifications sent to PL constraints: 276. Tightenings proposed: 0
	--- Basis Factorization statistics ---
	Number of basis refactorizations: 2
	--- Projected Steepest Edge Statistics ---
	Number of iterations: 0.
	Number of resets to reference space: 1. Avg. iterations per reset: 0
	--- SBT ---
	Number of tightened bounds: 94
	--- SoI-based local search ---
	Number of proposed phase pattern update: 0. Number of accepted update: 0 [0.00%]
	Total time (% of local search time) updating SoI phase pattern : 0 milli [0.00%]
	Total time obtaining current assignment: 0 milli [0.00%]
	Total time getting SoI phase pattern : 0 milli [0.00%]
	--- Context dependent statistics ---
	Number of pushes / pops: 0 / 0
		[0.00%] Pre-Push hook: 0 milli
		[0.00%] Push : 0 milli
		[0.00%] Post-Pop hook: 0 milli
		[0.00%] Pop : 0 milli
		[0.00%] Total context-switching time: 0 milli
	--- Proof Certificate ---
	Number of certified leaves: 0
	Number of leaves to delegate: 0

---

Engine::solve: unsat query

21:23:08 Statistics update:
	--- Time Statistics ---
	Total time elapsed: 900 milli (00:00:00)
		Main loop: 881 milli (00:00:00)
		Preprocessing time: 10 milli (00:00:00)
		Unknown: 7 milli (00:00:00)
	Breakdown for main loop:
		[40.30%] Simplex steps: 355 milli
		[4.03%] Explicit-basis bound tightening: 35 milli
		[0.00%] Constraint-matrix bound tightening: 0 milli
		[0.53%] Degradation checking: 4 milli
		[0.00%] Precision restoration: 0 milli
		[0.02%] Statistics handling: 0 milli
		[0.00%] Constraint-fixing steps: 0 milli
		[0.28%] Valid case splits: 2 milli. Average per split: 0.00 milli
		[0.17%] Applying stored bound-tightening: 1 milli
		[2.71%] SMT core: 23 milli
		[38.99%] Symbolic Bound Tightening: 343 milli
		[37.25%] SoI-based local search: 328 milli
		[0.00%] SoI-based local search: 0 milli
		[12.98%] Unaccounted for: 114 milli
	--- Preprocessor Statistics ---
	Number of preprocessor bound-tightening loop iterations: 6
	Number of eliminated variables: 119
	Number of constraints removed due to variable elimination: 91
	Number of equations removed due to variable elimination: 0
	--- Engine Statistics ---
	Number of main loop iterations: 8877
		8500 iterations were simplex steps. Total time: 355 milli. Average: 0.04 milli.
		0 iterations were constraint-fixing steps. Total time: 0 milli. Average: 0.00 milli
	Number of active piecewise-linear constraints: 27 / 46
		Constraints disabled by valid splits: 16. By SMT-originated splits: 3
	Last reported degradation: 0.0000000000. Max degradation so far: 0.0000000001. Restorations so far: 0
	Number of simplex pivots we attempted to skip because of instability: 0.
	Unstable pivots performed anyway: 0
	--- Tableau Statistics ---
	Total number of pivots performed: 5047
		Real pivots: 4693. Degenerate: 354 (7.01%)
		Degenerate pivots by request (e.g., to fix a PL constraint): 0 (0.00%)
		Average time per pivot: 0.01 milli
	Total number of fake pivots performed: 260
	Total number of rows added: 0. Number of merged columns: 0
	Current tableau dimensions: M = 247, N = 546
	--- SMT Core Statistics ---
	Total depth is 5. Total visited states: 255. Number of splits: 128. Number of pops: 126
	Max stack depth: 13
	--- Bound Tightening Statistics ---
	Number of tightened bounds: 30595.
		Number of rows examined by row tightener: 5047. Consequent tightenings: 673
		Number of explicit basis matrices examined by row tightener: 26. Consequent tightenings: 968
		Number of bound tightening rounds on the entire constraint matrix: 0. Consequent tightenings: 0
		Number of bound notifications sent to PL constraints: 12092. Tightenings proposed: 0
	--- Basis Factorization statistics ---
	Number of basis refactorizations: 38
	--- Projected Steepest Edge Statistics ---
	Number of iterations: 5307.
	Number of resets to reference space: 129. Avg. iterations per reset: 41
	--- SBT ---
	Number of tightened bounds: 30261
	--- SoI-based local search ---
	Number of proposed phase pattern update: 1710. Number of accepted update: 1582 [92.51%]
	Total time (% of local search time) updating SoI phase pattern : 5865 milli [1.79%]
	Total time obtaining current assignment: 71995 milli [21.92%]
	Total time getting SoI phase pattern : 6975 milli [0.79%]
	--- Context dependent statistics ---
	Number of pushes / pops: 256 / 256
		[0.19%] Pre-Push hook: 1 milli
		[0.00%] Push : 0 milli
		[0.21%] Post-Pop hook: 1 milli
		[0.14%] Pop : 1 milli
		[0.55%] Total context-switching time: 4 milli
	--- Proof Certificate ---
	Number of certified leaves: 0
	Number of leaves to delegate: 0
unsat
