Network: /home/center/CDCL-Marabou/sat_example/prop3/ACASXU_experimental_v2a_1_8.nnet
Number of layers: 8. Input layer size: 5. Output layer size: 5. Number of ReLUs: 300
Total number of variables: 610
Property: /home/center/CDCL-Marabou/sat_example/prop3/acas_property_3.txt

Engine::processInputQuery: Input query (before preprocessing): 309 equations, 610 variables
Engine::processInputQuery: Input query (after preprocessing): 609 equations, 828 variables

Input bounds:
	x0: [ -0.3035,  -0.2986] 
	x1: [ -0.0095,   0.0095] 
	x2: [  0.4934,   0.5000] 
	x3: [  0.3000,   0.5000] 
	x4: [  0.3000,   0.5000] 

Running deeppoly!Branching heuristics set to LargestInterval

Engine::solve: Initial statistics

10:54:11 Statistics update:
	--- Time Statistics ---
	Total time elapsed: 116 milli (00:00:00)
		Main loop: 0 milli (00:00:00)
		Preprocessing time: 90 milli (00:00:00)
		Unknown: 25 milli (00:00:00)
	Breakdown for main loop:
		[0.00%] Simplex steps: 0 milli
		[0.00%] Explicit-basis bound tightening: 0 milli
		[0.00%] Constraint-matrix bound tightening: 0 milli
		[0.00%] Degradation checking: 0 milli
		[0.00%] Precision restoration: 0 milli
		[0.00%] Statistics handling: 0 milli
		[0.00%] Constraint-fixing steps: 0 milli
		[0.00%] Valid case splits: 0 milli. Average per split: 0.00 milli
		[0.00%] Applying stored bound-tightening: 0 milli
		[0.00%] SMT core: 0 milli
		[0.00%] Symbolic Bound Tightening: 5 milli
		[0.00%] SoI-based local search: 0 milli
		[0.00%] SoI-based local search: 0 milli
		[0.00%] Unaccounted for: 0 milli
	--- Preprocessor Statistics ---
	Number of preprocessor bound-tightening loop iterations: 8
	Number of eliminated variables: 86
	Number of constraints removed due to variable elimination: 86
	Number of equations removed due to variable elimination: 0
	--- Engine Statistics ---
	Number of main loop iterations: 1
		0 iterations were simplex steps. Total time: 0 milli. Average: 0.00 milli.
		0 iterations were constraint-fixing steps. Total time: 0 milli. Average: 0.00 milli
	Number of active piecewise-linear constraints: 214 / 214
		Constraints disabled by valid splits: 0. By SMT-originated splits: 0
	Last reported degradation: 0.0000000000. Max degradation so far: 0.0000000000. Restorations so far: 0
	Number of simplex pivots we attempted to skip because of instability: 0.
	Unstable pivots performed anyway: 0
	--- Tableau Statistics ---
	Total number of pivots performed: 0
		Real pivots: 0. Degenerate: 0 (0.00%)
		Degenerate pivots by request (e.g., to fix a PL constraint): 0 (0.00%)
		Average time per pivot: 0.00 milli
	Total number of fake pivots performed: 0
	Total number of rows added: 0. Number of merged columns: 0
	Current tableau dimensions: M = 609, N = 1437
	--- SMT Core Statistics ---
	Total depth is 0. Total visited states: 1. Number of splits: 0. Number of pops: 0
	Max stack depth: 0
	--- Bound Tightening Statistics ---
	Number of tightened bounds: 0.
		Number of rows examined by row tightener: 0. Consequent tightenings: 0
		Number of explicit basis matrices examined by row tightener: 0. Consequent tightenings: 0
		Number of bound tightening rounds on the entire constraint matrix: 0. Consequent tightenings: 0
		Number of bound notifications sent to PL constraints: 1284. Tightenings proposed: 0
	--- Basis Factorization statistics ---
	Number of basis refactorizations: 2
	--- Projected Steepest Edge Statistics ---
	Number of iterations: 0.
	Number of resets to reference space: 1. Avg. iterations per reset: 0
	--- SBT ---
	Number of tightened bounds: 788
	--- SoI-based local search ---
	Number of proposed phase pattern update: 0. Number of accepted update: 0 [0.00%]
	Total time (% of local search time) updating SoI phase pattern : 0 milli [0.00%]
	Total time obtaining current assignment: 0 milli [0.00%]
	Total time getting SoI phase pattern : 0 milli [0.00%]
	--- Context dependent statistics ---
	Number of pushes / pops: 0 / 0
		[0.00%] Pre-Push hook: 0 milli
		[0.00%] Push : 0 milli
		[0.00%] Post-Pop hook: 0 milli
		[0.00%] Pop : 0 milli
		[0.00%] Total context-switching time: 0 milli
	--- Proof Certificate ---
	Number of certified leaves: 0
	Number of leaves to delegate: 0

---
Running deeppoly!
Engine::solve: sat assignment found

10:54:11 Statistics update:
	--- Time Statistics ---
	Total time elapsed: 199 milli (00:00:00)
		Main loop: 82 milli (00:00:00)
		Preprocessing time: 90 milli (00:00:00)
		Unknown: 26 milli (00:00:00)
	Breakdown for main loop:
		[38.69%] Simplex steps: 31 milli
		[55.42%] Explicit-basis bound tightening: 45 milli
		[0.00%] Constraint-matrix bound tightening: 0 milli
		[0.37%] Degradation checking: 0 milli
		[0.00%] Precision restoration: 0 milli
		[0.75%] Statistics handling: 0 milli
		[0.00%] Constraint-fixing steps: 0 milli
		[0.73%] Valid case splits: 0 milli. Average per split: 0.00 milli
		[0.15%] Applying stored bound-tightening: 0 milli
		[0.00%] SMT core: 0 milli
		[10.32%] Symbolic Bound Tightening: 8 milli
		[3.78%] SoI-based local search: 3 milli
		[0.00%] SoI-based local search: 0 milli
		[22333431085523140.00%] Unaccounted for: 0 milli
	--- Preprocessor Statistics ---
	Number of preprocessor bound-tightening loop iterations: 8
	Number of eliminated variables: 86
	Number of constraints removed due to variable elimination: 86
	Number of equations removed due to variable elimination: 0
	--- Engine Statistics ---
	Number of main loop iterations: 263
		261 iterations were simplex steps. Total time: 31 milli. Average: 0.12 milli.
		0 iterations were constraint-fixing steps. Total time: 0 milli. Average: 0.00 milli
	Number of active piecewise-linear constraints: 31 / 214
		Constraints disabled by valid splits: 183. By SMT-originated splits: 0
	Last reported degradation: 0.0000000000. Max degradation so far: 0.0000000000. Restorations so far: 0
	Number of simplex pivots we attempted to skip because of instability: 0.
	Unstable pivots performed anyway: 0
	--- Tableau Statistics ---
	Total number of pivots performed: 257
		Real pivots: 236. Degenerate: 21 (8.17%)
		Degenerate pivots by request (e.g., to fix a PL constraint): 0 (0.00%)
		Average time per pivot: 0.04 milli
	Total number of fake pivots performed: 2
	Total number of rows added: 0. Number of merged columns: 0
	Current tableau dimensions: M = 609, N = 1437
	--- SMT Core Statistics ---
	Total depth is 0. Total visited states: 1. Number of splits: 0. Number of pops: 0
	Max stack depth: 0
	--- Bound Tightening Statistics ---
	Number of tightened bounds: 37.
		Number of rows examined by row tightener: 257. Consequent tightenings: 16
		Number of explicit basis matrices examined by row tightener: 3. Consequent tightenings: 360
		Number of bound tightening rounds on the entire constraint matrix: 0. Consequent tightenings: 0
		Number of bound notifications sent to PL constraints: 1321. Tightenings proposed: 0
	--- Basis Factorization statistics ---
	Number of basis refactorizations: 4
	--- Projected Steepest Edge Statistics ---
	Number of iterations: 259.
	Number of resets to reference space: 1. Avg. iterations per reset: 259
	--- SBT ---
	Number of tightened bounds: 788
	--- SoI-based local search ---
	Number of proposed phase pattern update: 0. Number of accepted update: 1 [0.00%]
	Total time (% of local search time) updating SoI phase pattern : 96 milli [3.07%]
	Total time obtaining current assignment: 302 milli [9.66%]
	Total time getting SoI phase pattern : 10 milli [0.01%]
	--- Context dependent statistics ---
	Number of pushes / pops: 0 / 0
		[0.00%] Pre-Push hook: 0 milli
		[0.00%] Push : 0 milli
		[0.00%] Post-Pop hook: 0 milli
		[0.00%] Pop : 0 milli
		[0.00%] Total context-switching time: 0 milli
	--- Proof Certificate ---
	Number of certified leaves: 0
	Number of leaves to delegate: 0
sat
Input assignment:
	x0 = -0.298553
	x1 = 0.009549
	x2 = 0.493380
	x3 = 0.300000
	x4 = 0.327787

Output:
	y0 = -0.020255
	y1 = -0.019070
	y2 = -0.019054
	y3 = -0.017992
	y4 = -0.018010

