Network: /home/center/CDCL-Marabou/resources/nnet/acasxu/ACASXU_experimental_v2a_5_2.nnet
Number of layers: 8. Input layer size: 5. Output layer size: 5. Number of ReLUs: 300
Total number of variables: 610
Property: /home/center/CDCL-Marabou/example/acas_property_1.txt

Engine::processInputQuery: Input query (before preprocessing): 305 equations, 610 variables
Engine::processInputQuery: Input query (after preprocessing): 605 equations, 872 variables

Input bounds:
	x0: [  0.6000,   0.6799] 
	x1: [ -0.5000,   0.5000] 
	x2: [ -0.5000,   0.5000] 
	x3: [  0.4500,   0.5000] 
	x4: [ -0.5000,  -0.4500] 

Running deeppoly!Intra dependency: (1, 0) inactive ==> (1, 1) inactive
(1, 0) : [-0.655510, 0.971222]
(1, 1) : [-0.587926, 0.391122]
Intra dependency: (1, 0) inactive ==> (1, 3) inactive
(1, 0) : [-0.655510, 0.971222]
(1, 3) : [-1.735044, 1.253779]
Intra dependency: (1, 0) inactive ==> (1, 10) inactive
(1, 0) : [-0.655510, 0.971222]
(1, 10) : [-0.157666, 0.452305]
Intra dependency: (1, 0) inactive ==> (1, 30) inactive
(1, 0) : [-0.655510, 0.971222]
(1, 30) : [-0.203881, 1.541065]
Using Gurobi to solve LP...
Branching heuristics set to LargestInterval
UNKNOWN EXIT CODE! (this should not happen)