Network: /home/center/CDCL-Marabou/resources/nnet/acasxu/ACASXU_experimental_v2a_1_5.nnet
Number of layers: 8. Input layer size: 5. Output layer size: 5. Number of ReLUs: 300
Total number of variables: 610
Property: /home/center/CDCL-Marabou/example/acas_property_1.txt

Engine::processInputQuery: Input query (before preprocessing): 305 equations, 610 variables
Engine::processInputQuery: Input query (after preprocessing): 605 equations, 871 variables

Input bounds:
	x0: [  0.6000,   0.6799] 
	x1: [ -0.5000,   0.5000] 
	x2: [ -0.5000,   0.5000] 
	x3: [  0.4500,   0.5000] 
	x4: [ -0.5000,  -0.4500] 

Running deeppoly!Intra dependency: (1, 4) inactive ==> (1, 23) active
(1, 4) : [-0.367079, 0.479979]
(1, 23) : [-0.436625, 0.629941]
Intra dependency: (1, 15) inactive ==> (1, 23) active
(1, 15) : [-0.759932, 0.741332]
(1, 23) : [-0.436625, 0.629941]
Intra dependency: (1, 15) inactive ==> (1, 27) active
(1, 15) : [-0.759932, 0.741332]
(1, 27) : [-1.095115, 0.640821]
Intra dependency: (1, 15) inactive ==> (1, 28) active
(1, 15) : [-0.759932, 0.741332]
(1, 28) : [-1.022064, 0.456141]
Using Gurobi to solve LP...
Branching heuristics set to LargestInterval
UNKNOWN EXIT CODE! (this should not happen)