Network: /home/center/CDCL-Marabou/sat_example/prop2/ACASXU_experimental_v2a_5_8.nnet
Number of layers: 8. Input layer size: 5. Output layer size: 5. Number of ReLUs: 300
Total number of variables: 610
Property: /home/center/CDCL-Marabou/sat_example/prop2/acas_property_2.txt

Engine::processInputQuery: Input query (before preprocessing): 309 equations, 610 variables
Engine::processInputQuery: Input query (after preprocessing): 609 equations, 897 variables

Input bounds:
	x0: [  0.6000,   0.6799] 
	x1: [ -0.5000,   0.5000] 
	x2: [ -0.5000,   0.5000] 
	x3: [  0.4500,   0.5000] 
	x4: [ -0.5000,  -0.4500] 

Running deeppoly!Branching heuristics set to LargestInterval

Engine::solve: Initial statistics

22:58:09 Statistics update:
	--- Time Statistics ---
	Total time elapsed: 133 milli (00:00:00)
		Main loop: 0 milli (00:00:00)
		Preprocessing time: 99 milli (00:00:00)
		Unknown: 33 milli (00:00:00)
	Breakdown for main loop:
		[0.00%] Simplex steps: 0 milli
		[0.00%] Explicit-basis bound tightening: 0 milli
		[0.00%] Constraint-matrix bound tightening: 0 milli
		[0.00%] Degradation checking: 0 milli
		[0.00%] Precision restoration: 0 milli
		[0.00%] Statistics handling: 0 milli
		[0.00%] Constraint-fixing steps: 0 milli
		[0.00%] Valid case splits: 0 milli. Average per split: 0.00 milli
		[0.00%] Applying stored bound-tightening: 0 milli
		[0.00%] SMT core: 0 milli
		[0.00%] Symbolic Bound Tightening: 9 milli
		[0.00%] SoI-based local search: 0 milli
		[0.00%] SoI-based local search: 0 milli
		[0.00%] Unaccounted for: 0 milli
	--- Preprocessor Statistics ---
	Number of preprocessor bound-tightening loop iterations: 9
	Number of eliminated variables: 17
	Number of constraints removed due to variable elimination: 17
	Number of equations removed due to variable elimination: 0
	--- Engine Statistics ---
	Number of main loop iterations: 1
		0 iterations were simplex steps. Total time: 0 milli. Average: 0.00 milli.
		0 iterations were constraint-fixing steps. Total time: 0 milli. Average: 0.00 milli
	Number of active piecewise-linear constraints: 283 / 283
		Constraints disabled by valid splits: 0. By SMT-originated splits: 0
	Last reported degradation: 0.0000000000. Max degradation so far: 0.0000000000. Restorations so far: 0
	Number of simplex pivots we attempted to skip because of instability: 0.
	Unstable pivots performed anyway: 0
	--- Tableau Statistics ---
	Total number of pivots performed: 0
		Real pivots: 0. Degenerate: 0 (0.00%)
		Degenerate pivots by request (e.g., to fix a PL constraint): 0 (0.00%)
		Average time per pivot: 0.00 milli
	Total number of fake pivots performed: 0
	Total number of rows added: 0. Number of merged columns: 0
	Current tableau dimensions: M = 609, N = 1506
	--- SMT Core Statistics ---
	Total depth is 0. Total visited states: 1. Number of splits: 0. Number of pops: 0
	Max stack depth: 0
	--- Bound Tightening Statistics ---
	Number of tightened bounds: 0.
		Number of rows examined by row tightener: 0. Consequent tightenings: 0
		Number of explicit basis matrices examined by row tightener: 0. Consequent tightenings: 0
		Number of bound tightening rounds on the entire constraint matrix: 0. Consequent tightenings: 0
		Number of bound notifications sent to PL constraints: 1698. Tightenings proposed: 0
	--- Basis Factorization statistics ---
	Number of basis refactorizations: 2
	--- Projected Steepest Edge Statistics ---
	Number of iterations: 0.
	Number of resets to reference space: 1. Avg. iterations per reset: 0
	--- SBT ---
	Number of tightened bounds: 762
	--- SoI-based local search ---
	Number of proposed phase pattern update: 0. Number of accepted update: 0 [0.00%]
	Total time (% of local search time) updating SoI phase pattern : 0 milli [0.00%]
	Total time obtaining current assignment: 0 milli [0.00%]
	Total time getting SoI phase pattern : 0 milli [0.00%]
	--- Context dependent statistics ---
	Number of pushes / pops: 0 / 0
		[0.00%] Pre-Push hook: 0 milli
		[0.00%] Push : 0 milli
		[0.00%] Post-Pop hook: 0 milli
		[0.00%] Pop : 0 milli
		[0.00%] Total context-switching time: 0 milli
	--- Proof Certificate ---
	Number of certified leaves: 0
	Number of leaves to delegate: 0

---
Running deeppoly!Use largest interval!
Running deeppoly!Running deeppoly!Running deeppoly!Running deeppoly!Use largest interval!
Running deeppoly!Running deeppoly!
Engine::solve: sat assignment found

22:58:10 Statistics update:
	--- Time Statistics ---
	Total time elapsed: 792 milli (00:00:00)
		Main loop: 659 milli (00:00:00)
		Preprocessing time: 99 milli (00:00:00)
		Unknown: 33 milli (00:00:00)
	Breakdown for main loop:
		[70.67%] Simplex steps: 465 milli
		[18.10%] Explicit-basis bound tightening: 119 milli
		[0.00%] Constraint-matrix bound tightening: 0 milli
		[0.65%] Degradation checking: 4 milli
		[0.00%] Precision restoration: 0 milli
		[0.71%] Statistics handling: 4 milli
		[0.00%] Constraint-fixing steps: 0 milli
		[0.04%] Valid case splits: 0 milli. Average per split: 0.00 milli
		[0.09%] Applying stored bound-tightening: 0 milli
		[0.10%] SMT core: 0 milli
		[8.88%] Symbolic Bound Tightening: 58 milli
		[45.20%] SoI-based local search: 298 milli
		[0.00%] SoI-based local search: 0 milli
		[0.77%] Unaccounted for: 5 milli
	--- Preprocessor Statistics ---
	Number of preprocessor bound-tightening loop iterations: 9
	Number of eliminated variables: 17
	Number of constraints removed due to variable elimination: 17
	Number of equations removed due to variable elimination: 0
	--- Engine Statistics ---
	Number of main loop iterations: 1600
		1590 iterations were simplex steps. Total time: 465 milli. Average: 0.29 milli.
		0 iterations were constraint-fixing steps. Total time: 0 milli. Average: 0.00 milli
	Number of active piecewise-linear constraints: 250 / 283
		Constraints disabled by valid splits: 31. By SMT-originated splits: 2
	Last reported degradation: 0.0000000000. Max degradation so far: 0.0000000002. Restorations so far: 0
	Number of simplex pivots we attempted to skip because of instability: 0.
	Unstable pivots performed anyway: 0
	--- Tableau Statistics ---
	Total number of pivots performed: 1551
		Real pivots: 1551. Degenerate: 0 (0.00%)
		Degenerate pivots by request (e.g., to fix a PL constraint): 0 (0.00%)
		Average time per pivot: 0.07 milli
	Total number of fake pivots performed: 1
	Total number of rows added: 0. Number of merged columns: 0
	Current tableau dimensions: M = 609, N = 1506
	--- SMT Core Statistics ---
	Total depth is 4. Total visited states: 5. Number of splits: 4. Number of pops: 0
	Max stack depth: 4
	--- Bound Tightening Statistics ---
	Number of tightened bounds: 1447.
		Number of rows examined by row tightener: 1551. Consequent tightenings: 0
		Number of explicit basis matrices examined by row tightener: 4. Consequent tightenings: 227
		Number of bound tightening rounds on the entire constraint matrix: 0. Consequent tightenings: 0
		Number of bound notifications sent to PL constraints: 3037. Tightenings proposed: 0
	--- Basis Factorization statistics ---
	Number of basis refactorizations: 16
	--- Projected Steepest Edge Statistics ---
	Number of iterations: 1552.
	Number of resets to reference space: 2. Avg. iterations per reset: 776
	--- SBT ---
	Number of tightened bounds: 2203
	--- SoI-based local search ---
	Number of proposed phase pattern update: 14. Number of accepted update: 11 [78.57%]
	Total time (% of local search time) updating SoI phase pattern : 1056 milli [0.35%]
	Total time obtaining current assignment: 3386 milli [1.14%]
	Total time getting SoI phase pattern : 1937 milli [0.29%]
	--- Context dependent statistics ---
	Number of pushes / pops: 4 / 0
		[0.03%] Pre-Push hook: 0 milli
		[0.00%] Push : 0 milli
		[0.00%] Post-Pop hook: 0 milli
		[0.00%] Pop : 0 milli
		[0.03%] Total context-switching time: 0 milli
	--- Proof Certificate ---
	Number of certified leaves: 0
	Number of leaves to delegate: 0
sat
Input assignment:
	x0 = 0.612431
	x1 = -0.010116
	x2 = -0.034231
	x3 = 0.450000
	x4 = -0.450000

Output:
	y0 = 0.021654
	y1 = 0.019779
	y2 = -0.019294
	y3 = 0.021654
	y4 = -0.016568

