Network: /home/center/CDCL-Marabou/sat_example/prop2/ACASXU_experimental_v2a_3_6.nnet
Number of layers: 8. Input layer size: 5. Output layer size: 5. Number of ReLUs: 300
Total number of variables: 610
Property: /home/center/CDCL-Marabou/sat_example/prop2/acas_property_2.txt

Engine::processInputQuery: Input query (before preprocessing): 309 equations, 610 variables
Engine::processInputQuery: Input query (after preprocessing): 609 equations, 887 variables

Input bounds:
	x0: [  0.6000,   0.6799] 
	x1: [ -0.5000,   0.5000] 
	x2: [ -0.5000,   0.5000] 
	x3: [  0.4500,   0.5000] 
	x4: [ -0.5000,  -0.4500] 

Running deeppoly!Branching heuristics set to LargestInterval

Engine::solve: Initial statistics

22:57:04 Statistics update:
	--- Time Statistics ---
	Total time elapsed: 138 milli (00:00:00)
		Main loop: 0 milli (00:00:00)
		Preprocessing time: 101 milli (00:00:00)
		Unknown: 37 milli (00:00:00)
	Breakdown for main loop:
		[0.00%] Simplex steps: 0 milli
		[0.00%] Explicit-basis bound tightening: 0 milli
		[0.00%] Constraint-matrix bound tightening: 0 milli
		[0.00%] Degradation checking: 0 milli
		[0.00%] Precision restoration: 0 milli
		[0.00%] Statistics handling: 0 milli
		[0.00%] Constraint-fixing steps: 0 milli
		[0.00%] Valid case splits: 0 milli. Average per split: 0.00 milli
		[0.00%] Applying stored bound-tightening: 0 milli
		[0.00%] SMT core: 0 milli
		[0.00%] Symbolic Bound Tightening: 9 milli
		[0.00%] SoI-based local search: 0 milli
		[0.00%] SoI-based local search: 0 milli
		[0.00%] Unaccounted for: 0 milli
	--- Preprocessor Statistics ---
	Number of preprocessor bound-tightening loop iterations: 9
	Number of eliminated variables: 27
	Number of constraints removed due to variable elimination: 27
	Number of equations removed due to variable elimination: 0
	--- Engine Statistics ---
	Number of main loop iterations: 1
		0 iterations were simplex steps. Total time: 0 milli. Average: 0.00 milli.
		0 iterations were constraint-fixing steps. Total time: 0 milli. Average: 0.00 milli
	Number of active piecewise-linear constraints: 273 / 273
		Constraints disabled by valid splits: 0. By SMT-originated splits: 0
	Last reported degradation: 0.0000000000. Max degradation so far: 0.0000000000. Restorations so far: 0
	Number of simplex pivots we attempted to skip because of instability: 0.
	Unstable pivots performed anyway: 0
	--- Tableau Statistics ---
	Total number of pivots performed: 0
		Real pivots: 0. Degenerate: 0 (0.00%)
		Degenerate pivots by request (e.g., to fix a PL constraint): 0 (0.00%)
		Average time per pivot: 0.00 milli
	Total number of fake pivots performed: 0
	Total number of rows added: 0. Number of merged columns: 0
	Current tableau dimensions: M = 609, N = 1496
	--- SMT Core Statistics ---
	Total depth is 0. Total visited states: 1. Number of splits: 0. Number of pops: 0
	Max stack depth: 0
	--- Bound Tightening Statistics ---
	Number of tightened bounds: 0.
		Number of rows examined by row tightener: 0. Consequent tightenings: 0
		Number of explicit basis matrices examined by row tightener: 0. Consequent tightenings: 0
		Number of bound tightening rounds on the entire constraint matrix: 0. Consequent tightenings: 0
		Number of bound notifications sent to PL constraints: 1638. Tightenings proposed: 0
	--- Basis Factorization statistics ---
	Number of basis refactorizations: 2
	--- Projected Steepest Edge Statistics ---
	Number of iterations: 0.
	Number of resets to reference space: 1. Avg. iterations per reset: 0
	--- SBT ---
	Number of tightened bounds: 756
	--- SoI-based local search ---
	Number of proposed phase pattern update: 0. Number of accepted update: 0 [0.00%]
	Total time (% of local search time) updating SoI phase pattern : 0 milli [0.00%]
	Total time obtaining current assignment: 0 milli [0.00%]
	Total time getting SoI phase pattern : 0 milli [0.00%]
	--- Context dependent statistics ---
	Number of pushes / pops: 0 / 0
		[0.00%] Pre-Push hook: 0 milli
		[0.00%] Push : 0 milli
		[0.00%] Post-Pop hook: 0 milli
		[0.00%] Pop : 0 milli
		[0.00%] Total context-switching time: 0 milli
	--- Proof Certificate ---
	Number of certified leaves: 0
	Number of leaves to delegate: 0

---
Running deeppoly!Use largest interval!
Running deeppoly!Running deeppoly!Running deeppoly!
Engine::solve: sat assignment found

22:57:05 Statistics update:
	--- Time Statistics ---
	Total time elapsed: 746 milli (00:00:00)
		Main loop: 607 milli (00:00:00)
		Preprocessing time: 101 milli (00:00:00)
		Unknown: 37 milli (00:00:00)
	Breakdown for main loop:
		[70.84%] Simplex steps: 430 milli
		[21.30%] Explicit-basis bound tightening: 129 milli
		[0.00%] Constraint-matrix bound tightening: 0 milli
		[0.66%] Degradation checking: 3 milli
		[0.00%] Precision restoration: 0 milli
		[0.89%] Statistics handling: 5 milli
		[0.00%] Constraint-fixing steps: 0 milli
		[0.04%] Valid case splits: 0 milli. Average per split: 0.00 milli
		[0.07%] Applying stored bound-tightening: 0 milli
		[0.05%] SMT core: 0 milli
		[6.20%] Symbolic Bound Tightening: 37 milli
		[50.26%] SoI-based local search: 305 milli
		[0.00%] SoI-based local search: 0 milli
		[3038426669364050.00%] Unaccounted for: 0 milli
	--- Preprocessor Statistics ---
	Number of preprocessor bound-tightening loop iterations: 9
	Number of eliminated variables: 27
	Number of constraints removed due to variable elimination: 27
	Number of equations removed due to variable elimination: 0
	--- Engine Statistics ---
	Number of main loop iterations: 1337
		1331 iterations were simplex steps. Total time: 430 milli. Average: 0.32 milli.
		0 iterations were constraint-fixing steps. Total time: 0 milli. Average: 0.00 milli
	Number of active piecewise-linear constraints: 253 / 273
		Constraints disabled by valid splits: 19. By SMT-originated splits: 1
	Last reported degradation: 0.0000000000. Max degradation so far: 0.0000000001. Restorations so far: 0
	Number of simplex pivots we attempted to skip because of instability: 0.
	Unstable pivots performed anyway: 0
	--- Tableau Statistics ---
	Total number of pivots performed: 1311
		Real pivots: 1308. Degenerate: 3 (0.23%)
		Degenerate pivots by request (e.g., to fix a PL constraint): 0 (0.00%)
		Average time per pivot: 0.08 milli
	Total number of fake pivots performed: 0
	Total number of rows added: 0. Number of merged columns: 0
	Current tableau dimensions: M = 609, N = 1496
	--- SMT Core Statistics ---
	Total depth is 2. Total visited states: 3. Number of splits: 2. Number of pops: 0
	Max stack depth: 2
	--- Bound Tightening Statistics ---
	Number of tightened bounds: 585.
		Number of rows examined by row tightener: 1311. Consequent tightenings: 2
		Number of explicit basis matrices examined by row tightener: 4. Consequent tightenings: 248
		Number of bound tightening rounds on the entire constraint matrix: 0. Consequent tightenings: 0
		Number of bound notifications sent to PL constraints: 2161. Tightenings proposed: 0
	--- Basis Factorization statistics ---
	Number of basis refactorizations: 14
	--- Projected Steepest Edge Statistics ---
	Number of iterations: 1311.
	Number of resets to reference space: 2. Avg. iterations per reset: 655
	--- SBT ---
	Number of tightened bounds: 1337
	--- SoI-based local search ---
	Number of proposed phase pattern update: 7. Number of accepted update: 6 [85.71%]
	Total time (% of local search time) updating SoI phase pattern : 662 milli [0.22%]
	Total time obtaining current assignment: 1594 milli [0.52%]
	Total time getting SoI phase pattern : 941 milli [0.15%]
	--- Context dependent statistics ---
	Number of pushes / pops: 2 / 0
		[0.02%] Pre-Push hook: 0 milli
		[0.00%] Push : 0 milli
		[0.00%] Post-Pop hook: 0 milli
		[0.00%] Pop : 0 milli
		[0.02%] Total context-switching time: 0 milli
	--- Proof Certificate ---
	Number of certified leaves: 0
	Number of leaves to delegate: 0
sat
Input assignment:
	x0 = 0.650359
	x1 = -0.004338
	x2 = -0.040880
	x3 = 0.450000
	x4 = -0.489708

Output:
	y0 = 0.023698
	y1 = 0.020863
	y2 = -0.021275
	y3 = 0.023495
	y4 = -0.014618

