Network: /home/center/CDCL-Marabou/sat_example/prop2/ACASXU_experimental_v2a_4_4.nnet
Number of layers: 8. Input layer size: 5. Output layer size: 5. Number of ReLUs: 300
Total number of variables: 610
Property: /home/center/CDCL-Marabou/sat_example/prop2/acas_property_2.txt

Engine::processInputQuery: Input query (before preprocessing): 309 equations, 610 variables
Engine::processInputQuery: Input query (after preprocessing): 609 equations, 877 variables

Input bounds:
	x0: [  0.6000,   0.6799] 
	x1: [ -0.5000,   0.5000] 
	x2: [ -0.5000,   0.5000] 
	x3: [  0.4500,   0.5000] 
	x4: [ -0.5000,  -0.4500] 

Running deeppoly!Branching heuristics set to LargestInterval

Engine::solve: Initial statistics

23:02:08 Statistics update:
	--- Time Statistics ---
	Total time elapsed: 133 milli (00:00:00)
		Main loop: 0 milli (00:00:00)
		Preprocessing time: 99 milli (00:00:00)
		Unknown: 33 milli (00:00:00)
	Breakdown for main loop:
		[0.00%] Simplex steps: 0 milli
		[0.00%] Explicit-basis bound tightening: 0 milli
		[0.00%] Constraint-matrix bound tightening: 0 milli
		[0.00%] Degradation checking: 0 milli
		[0.00%] Precision restoration: 0 milli
		[0.00%] Statistics handling: 0 milli
		[0.00%] Constraint-fixing steps: 0 milli
		[0.00%] Valid case splits: 0 milli. Average per split: 0.00 milli
		[0.00%] Applying stored bound-tightening: 0 milli
		[0.00%] SMT core: 0 milli
		[0.00%] Symbolic Bound Tightening: 8 milli
		[0.00%] SoI-based local search: 0 milli
		[0.00%] SoI-based local search: 0 milli
		[0.00%] Unaccounted for: 0 milli
	--- Preprocessor Statistics ---
	Number of preprocessor bound-tightening loop iterations: 8
	Number of eliminated variables: 37
	Number of constraints removed due to variable elimination: 37
	Number of equations removed due to variable elimination: 0
	--- Engine Statistics ---
	Number of main loop iterations: 1
		0 iterations were simplex steps. Total time: 0 milli. Average: 0.00 milli.
		0 iterations were constraint-fixing steps. Total time: 0 milli. Average: 0.00 milli
	Number of active piecewise-linear constraints: 263 / 263
		Constraints disabled by valid splits: 0. By SMT-originated splits: 0
	Last reported degradation: 0.0000000000. Max degradation so far: 0.0000000000. Restorations so far: 0
	Number of simplex pivots we attempted to skip because of instability: 0.
	Unstable pivots performed anyway: 0
	--- Tableau Statistics ---
	Total number of pivots performed: 0
		Real pivots: 0. Degenerate: 0 (0.00%)
		Degenerate pivots by request (e.g., to fix a PL constraint): 0 (0.00%)
		Average time per pivot: 0.00 milli
	Total number of fake pivots performed: 0
	Total number of rows added: 0. Number of merged columns: 0
	Current tableau dimensions: M = 609, N = 1486
	--- SMT Core Statistics ---
	Total depth is 0. Total visited states: 1. Number of splits: 0. Number of pops: 0
	Max stack depth: 0
	--- Bound Tightening Statistics ---
	Number of tightened bounds: 0.
		Number of rows examined by row tightener: 0. Consequent tightenings: 0
		Number of explicit basis matrices examined by row tightener: 0. Consequent tightenings: 0
		Number of bound tightening rounds on the entire constraint matrix: 0. Consequent tightenings: 0
		Number of bound notifications sent to PL constraints: 1578. Tightenings proposed: 0
	--- Basis Factorization statistics ---
	Number of basis refactorizations: 2
	--- Projected Steepest Edge Statistics ---
	Number of iterations: 0.
	Number of resets to reference space: 1. Avg. iterations per reset: 0
	--- SBT ---
	Number of tightened bounds: 756
	--- SoI-based local search ---
	Number of proposed phase pattern update: 0. Number of accepted update: 0 [0.00%]
	Total time (% of local search time) updating SoI phase pattern : 0 milli [0.00%]
	Total time obtaining current assignment: 0 milli [0.00%]
	Total time getting SoI phase pattern : 0 milli [0.00%]
	--- Context dependent statistics ---
	Number of pushes / pops: 0 / 0
		[0.00%] Pre-Push hook: 0 milli
		[0.00%] Push : 0 milli
		[0.00%] Post-Pop hook: 0 milli
		[0.00%] Pop : 0 milli
		[0.00%] Total context-switching time: 0 milli
	--- Proof Certificate ---
	Number of certified leaves: 0
	Number of leaves to delegate: 0

---
Running deeppoly!Use largest interval!
Running deeppoly!Running deeppoly!
Engine::solve: sat assignment found

23:02:08 Statistics update:
	--- Time Statistics ---
	Total time elapsed: 401 milli (00:00:00)
		Main loop: 267 milli (00:00:00)
		Preprocessing time: 99 milli (00:00:00)
		Unknown: 34 milli (00:00:00)
	Breakdown for main loop:
		[58.79%] Simplex steps: 157 milli
		[32.25%] Explicit-basis bound tightening: 86 milli
		[0.00%] Constraint-matrix bound tightening: 0 milli
		[0.53%] Degradation checking: 1 milli
		[0.00%] Precision restoration: 0 milli
		[0.88%] Statistics handling: 2 milli
		[0.00%] Constraint-fixing steps: 0 milli
		[0.09%] Valid case splits: 0 milli. Average per split: 0.00 milli
		[0.08%] Applying stored bound-tightening: 0 milli
		[0.03%] SMT core: 0 milli
		[8.87%] Symbolic Bound Tightening: 23 milli
		[40.65%] SoI-based local search: 108 milli
		[0.00%] SoI-based local search: 0 milli
		[6899254626947952.00%] Unaccounted for: 0 milli
	--- Preprocessor Statistics ---
	Number of preprocessor bound-tightening loop iterations: 8
	Number of eliminated variables: 37
	Number of constraints removed due to variable elimination: 37
	Number of equations removed due to variable elimination: 0
	--- Engine Statistics ---
	Number of main loop iterations: 566
		562 iterations were simplex steps. Total time: 157 milli. Average: 0.28 milli.
		0 iterations were constraint-fixing steps. Total time: 0 milli. Average: 0.00 milli
	Number of active piecewise-linear constraints: 233 / 263
		Constraints disabled by valid splits: 30. By SMT-originated splits: 0
	Last reported degradation: 0.0000000000. Max degradation so far: 0.0000000000. Restorations so far: 0
	Number of simplex pivots we attempted to skip because of instability: 0.
	Unstable pivots performed anyway: 0
	--- Tableau Statistics ---
	Total number of pivots performed: 551
		Real pivots: 551. Degenerate: 0 (0.00%)
		Degenerate pivots by request (e.g., to fix a PL constraint): 0 (0.00%)
		Average time per pivot: 0.07 milli
	Total number of fake pivots performed: 1
	Total number of rows added: 0. Number of merged columns: 0
	Current tableau dimensions: M = 609, N = 1486
	--- SMT Core Statistics ---
	Total depth is 1. Total visited states: 2. Number of splits: 1. Number of pops: 0
	Max stack depth: 1
	--- Bound Tightening Statistics ---
	Number of tightened bounds: 569.
		Number of rows examined by row tightener: 551. Consequent tightenings: 0
		Number of explicit basis matrices examined by row tightener: 3. Consequent tightenings: 255
		Number of bound tightening rounds on the entire constraint matrix: 0. Consequent tightenings: 0
		Number of bound notifications sent to PL constraints: 2077. Tightenings proposed: 0
	--- Basis Factorization statistics ---
	Number of basis refactorizations: 7
	--- Projected Steepest Edge Statistics ---
	Number of iterations: 552.
	Number of resets to reference space: 1. Avg. iterations per reset: 552
	--- SBT ---
	Number of tightened bounds: 1323
	--- SoI-based local search ---
	Number of proposed phase pattern update: 3. Number of accepted update: 3 [100.00%]
	Total time (% of local search time) updating SoI phase pattern : 423 milli [0.39%]
	Total time obtaining current assignment: 878 milli [0.81%]
	Total time getting SoI phase pattern : 482 milli [0.18%]
	--- Context dependent statistics ---
	Number of pushes / pops: 1 / 0
		[0.00%] Pre-Push hook: 0 milli
		[0.00%] Push : 0 milli
		[0.00%] Post-Pop hook: 0 milli
		[0.00%] Pop : 0 milli
		[0.00%] Total context-switching time: 0 milli
	--- Proof Certificate ---
	Number of certified leaves: 0
	Number of leaves to delegate: 0
sat
Input assignment:
	x0 = 0.676224
	x1 = 0.000000
	x2 = 0.041123
	x3 = 0.452825
	x4 = -0.450000

Output:
	y0 = 0.027045
	y1 = -0.019084
	y2 = 0.021469
	y3 = -0.019015
	y4 = 0.022221

