Network: /home/center/CDCL-Marabou/sat_example/prop2/ACASXU_experimental_v2a_2_1.nnet
Number of layers: 8. Input layer size: 5. Output layer size: 5. Number of ReLUs: 300
Total number of variables: 610
Property: /home/center/CDCL-Marabou/sat_example/prop2/acas_property_2.txt

Engine::processInputQuery: Input query (before preprocessing): 309 equations, 610 variables
Engine::processInputQuery: Input query (after preprocessing): 609 equations, 885 variables

Input bounds:
	x0: [  0.6000,   0.6799] 
	x1: [ -0.5000,   0.5000] 
	x2: [ -0.5000,   0.5000] 
	x3: [  0.4500,   0.5000] 
	x4: [ -0.5000,  -0.4500] 

Running deeppoly!Branching heuristics set to LargestInterval

Engine::solve: Initial statistics

21:55:07 Statistics update:
	--- Time Statistics ---
	Total time elapsed: 153 milli (00:00:00)
		Main loop: 0 milli (00:00:00)
		Preprocessing time: 127 milli (00:00:00)
		Unknown: 26 milli (00:00:00)
	Breakdown for main loop:
		[0.00%] Simplex steps: 0 milli
		[0.00%] Explicit-basis bound tightening: 0 milli
		[0.00%] Constraint-matrix bound tightening: 0 milli
		[0.00%] Degradation checking: 0 milli
		[0.00%] Precision restoration: 0 milli
		[0.00%] Statistics handling: 0 milli
		[0.00%] Constraint-fixing steps: 0 milli
		[0.00%] Valid case splits: 0 milli. Average per split: 0.00 milli
		[0.00%] Applying stored bound-tightening: 0 milli
		[0.00%] SMT core: 0 milli
		[0.00%] Symbolic Bound Tightening: 19 milli
		[0.00%] SoI-based local search: 0 milli
		[0.00%] SoI-based local search: 0 milli
		[0.00%] Unaccounted for: 0 milli
	--- Preprocessor Statistics ---
	Number of preprocessor bound-tightening loop iterations: 8
	Number of eliminated variables: 29
	Number of constraints removed due to variable elimination: 29
	Number of equations removed due to variable elimination: 0
	--- Engine Statistics ---
	Number of main loop iterations: 1
		0 iterations were simplex steps. Total time: 0 milli. Average: 0.00 milli.
		0 iterations were constraint-fixing steps. Total time: 0 milli. Average: 0.00 milli
	Number of active piecewise-linear constraints: 271 / 271
		Constraints disabled by valid splits: 0. By SMT-originated splits: 0
	Last reported degradation: 0.0000000000. Max degradation so far: 0.0000000000. Restorations so far: 0
	Number of simplex pivots we attempted to skip because of instability: 0.
	Unstable pivots performed anyway: 0
	--- Tableau Statistics ---
	Total number of pivots performed: 0
		Real pivots: 0. Degenerate: 0 (0.00%)
		Degenerate pivots by request (e.g., to fix a PL constraint): 0 (0.00%)
		Average time per pivot: 0.00 milli
	Total number of fake pivots performed: 0
	Total number of rows added: 0. Number of merged columns: 0
	Current tableau dimensions: M = 609, N = 1494
	--- SMT Core Statistics ---
	Total depth is 0. Total visited states: 1. Number of splits: 0. Number of pops: 0
	Max stack depth: 0
	--- Bound Tightening Statistics ---
	Number of tightened bounds: 0.
		Number of rows examined by row tightener: 0. Consequent tightenings: 0
		Number of explicit basis matrices examined by row tightener: 0. Consequent tightenings: 0
		Number of bound tightening rounds on the entire constraint matrix: 0. Consequent tightenings: 0
		Number of bound notifications sent to PL constraints: 1626. Tightenings proposed: 0
	--- Basis Factorization statistics ---
	Number of basis refactorizations: 2
	--- Projected Steepest Edge Statistics ---
	Number of iterations: 0.
	Number of resets to reference space: 1. Avg. iterations per reset: 0
	--- SBT ---
	Number of tightened bounds: 754
	--- SoI-based local search ---
	Number of proposed phase pattern update: 0. Number of accepted update: 0 [0.00%]
	Total time (% of local search time) updating SoI phase pattern : 0 milli [0.00%]
	Total time obtaining current assignment: 0 milli [0.00%]
	Total time getting SoI phase pattern : 0 milli [0.00%]
	--- Context dependent statistics ---
	Number of pushes / pops: 0 / 0
		[0.00%] Pre-Push hook: 0 milli
		[0.00%] Push : 0 milli
		[0.00%] Post-Pop hook: 0 milli
		[0.00%] Pop : 0 milli
		[0.00%] Total context-switching time: 0 milli
	--- Proof Certificate ---
	Number of certified leaves: 0
	Number of leaves to delegate: 0

---
Running deeppoly!Use largest interval!
Running deeppoly!Running deeppoly!Running deeppoly!
Engine::solve: sat assignment found

21:55:07 Statistics update:
	--- Time Statistics ---
	Total time elapsed: 449 milli (00:00:00)
		Main loop: 295 milli (00:00:00)
		Preprocessing time: 127 milli (00:00:00)
		Unknown: 26 milli (00:00:00)
	Breakdown for main loop:
		[61.96%] Simplex steps: 183 milli
		[25.23%] Explicit-basis bound tightening: 74 milli
		[0.00%] Constraint-matrix bound tightening: 0 milli
		[0.51%] Degradation checking: 1 milli
		[0.00%] Precision restoration: 0 milli
		[1.10%] Statistics handling: 3 milli
		[0.00%] Constraint-fixing steps: 0 milli
		[0.06%] Valid case splits: 0 milli. Average per split: 0.00 milli
		[0.10%] Applying stored bound-tightening: 0 milli
		[0.07%] SMT core: 0 milli
		[14.33%] Symbolic Bound Tightening: 42 milli
		[42.60%] SoI-based local search: 125 milli
		[0.00%] SoI-based local search: 0 milli
		[6239512411450779.00%] Unaccounted for: 0 milli
	--- Preprocessor Statistics ---
	Number of preprocessor bound-tightening loop iterations: 8
	Number of eliminated variables: 29
	Number of constraints removed due to variable elimination: 29
	Number of equations removed due to variable elimination: 0
	--- Engine Statistics ---
	Number of main loop iterations: 690
		684 iterations were simplex steps. Total time: 183 milli. Average: 0.27 milli.
		0 iterations were constraint-fixing steps. Total time: 0 milli. Average: 0.00 milli
	Number of active piecewise-linear constraints: 261 / 271
		Constraints disabled by valid splits: 9. By SMT-originated splits: 1
	Last reported degradation: 0.0000000000. Max degradation so far: 0.0000000000. Restorations so far: 0
	Number of simplex pivots we attempted to skip because of instability: 0.
	Unstable pivots performed anyway: 0
	--- Tableau Statistics ---
	Total number of pivots performed: 654
		Real pivots: 654. Degenerate: 0 (0.00%)
		Degenerate pivots by request (e.g., to fix a PL constraint): 0 (0.00%)
		Average time per pivot: 0.07 milli
	Total number of fake pivots performed: 0
	Total number of rows added: 0. Number of merged columns: 0
	Current tableau dimensions: M = 609, N = 1494
	--- SMT Core Statistics ---
	Total depth is 2. Total visited states: 3. Number of splits: 2. Number of pops: 0
	Max stack depth: 2
	--- Bound Tightening Statistics ---
	Number of tightened bounds: 733.
		Number of rows examined by row tightener: 654. Consequent tightenings: 0
		Number of explicit basis matrices examined by row tightener: 3. Consequent tightenings: 244
		Number of bound tightening rounds on the entire constraint matrix: 0. Consequent tightenings: 0
		Number of bound notifications sent to PL constraints: 2294. Tightenings proposed: 0
	--- Basis Factorization statistics ---
	Number of basis refactorizations: 8
	--- Projected Steepest Edge Statistics ---
	Number of iterations: 654.
	Number of resets to reference space: 1. Avg. iterations per reset: 654
	--- SBT ---
	Number of tightened bounds: 1484
	--- SoI-based local search ---
	Number of proposed phase pattern update: 12. Number of accepted update: 11 [91.67%]
	Total time (% of local search time) updating SoI phase pattern : 584 milli [0.46%]
	Total time obtaining current assignment: 2866 milli [2.28%]
	Total time getting SoI phase pattern : 1635 milli [0.55%]
	--- Context dependent statistics ---
	Number of pushes / pops: 2 / 0
		[0.02%] Pre-Push hook: 0 milli
		[0.00%] Push : 0 milli
		[0.00%] Post-Pop hook: 0 milli
		[0.00%] Pop : 0 milli
		[0.02%] Total context-switching time: 0 milli
	--- Proof Certificate ---
	Number of certified leaves: 0
	Number of leaves to delegate: 0
sat
Input assignment:
	x0 = 0.651054
	x1 = -0.010788
	x2 = 0.100999
	x3 = 0.500000
	x4 = -0.471142

Output:
	y0 = 0.023974
	y1 = -0.022061
	y2 = 0.023974
	y3 = -0.018237
	y4 = 0.023594

