Network: /home/center/CDCL-Marabou/sat_example/prop2/ACASXU_experimental_v2a_2_5.nnet
Number of layers: 8. Input layer size: 5. Output layer size: 5. Number of ReLUs: 300
Total number of variables: 610
Property: /home/center/CDCL-Marabou/sat_example/prop2/acas_property_2.txt

Engine::processInputQuery: Input query (before preprocessing): 309 equations, 610 variables
Engine::processInputQuery: Input query (after preprocessing): 609 equations, 888 variables

Input bounds:
	x0: [  0.6000,   0.6799] 
	x1: [ -0.5000,   0.5000] 
	x2: [ -0.5000,   0.5000] 
	x3: [  0.4500,   0.5000] 
	x4: [ -0.5000,  -0.4500] 

Running deeppoly!Branching heuristics set to LargestInterval

Engine::solve: Initial statistics

21:55:07 Statistics update:
	--- Time Statistics ---
	Total time elapsed: 275 milli (00:00:00)
		Main loop: 0 milli (00:00:00)
		Preprocessing time: 240 milli (00:00:00)
		Unknown: 35 milli (00:00:00)
	Breakdown for main loop:
		[0.00%] Simplex steps: 0 milli
		[0.00%] Explicit-basis bound tightening: 0 milli
		[0.00%] Constraint-matrix bound tightening: 0 milli
		[0.00%] Degradation checking: 0 milli
		[0.00%] Precision restoration: 0 milli
		[0.00%] Statistics handling: 0 milli
		[0.00%] Constraint-fixing steps: 0 milli
		[0.00%] Valid case splits: 0 milli. Average per split: 0.00 milli
		[0.00%] Applying stored bound-tightening: 0 milli
		[0.00%] SMT core: 0 milli
		[0.00%] Symbolic Bound Tightening: 12 milli
		[0.00%] SoI-based local search: 0 milli
		[0.00%] SoI-based local search: 0 milli
		[0.00%] Unaccounted for: 0 milli
	--- Preprocessor Statistics ---
	Number of preprocessor bound-tightening loop iterations: 8
	Number of eliminated variables: 26
	Number of constraints removed due to variable elimination: 26
	Number of equations removed due to variable elimination: 0
	--- Engine Statistics ---
	Number of main loop iterations: 1
		0 iterations were simplex steps. Total time: 0 milli. Average: 0.00 milli.
		0 iterations were constraint-fixing steps. Total time: 0 milli. Average: 0.00 milli
	Number of active piecewise-linear constraints: 274 / 274
		Constraints disabled by valid splits: 0. By SMT-originated splits: 0
	Last reported degradation: 0.0000000000. Max degradation so far: 0.0000000000. Restorations so far: 0
	Number of simplex pivots we attempted to skip because of instability: 0.
	Unstable pivots performed anyway: 0
	--- Tableau Statistics ---
	Total number of pivots performed: 0
		Real pivots: 0. Degenerate: 0 (0.00%)
		Degenerate pivots by request (e.g., to fix a PL constraint): 0 (0.00%)
		Average time per pivot: 0.00 milli
	Total number of fake pivots performed: 0
	Total number of rows added: 0. Number of merged columns: 0
	Current tableau dimensions: M = 609, N = 1497
	--- SMT Core Statistics ---
	Total depth is 0. Total visited states: 1. Number of splits: 0. Number of pops: 0
	Max stack depth: 0
	--- Bound Tightening Statistics ---
	Number of tightened bounds: 0.
		Number of rows examined by row tightener: 0. Consequent tightenings: 0
		Number of explicit basis matrices examined by row tightener: 0. Consequent tightenings: 0
		Number of bound tightening rounds on the entire constraint matrix: 0. Consequent tightenings: 0
		Number of bound notifications sent to PL constraints: 1644. Tightenings proposed: 0
	--- Basis Factorization statistics ---
	Number of basis refactorizations: 2
	--- Projected Steepest Edge Statistics ---
	Number of iterations: 0.
	Number of resets to reference space: 1. Avg. iterations per reset: 0
	--- SBT ---
	Number of tightened bounds: 753
	--- SoI-based local search ---
	Number of proposed phase pattern update: 0. Number of accepted update: 0 [0.00%]
	Total time (% of local search time) updating SoI phase pattern : 0 milli [0.00%]
	Total time obtaining current assignment: 0 milli [0.00%]
	Total time getting SoI phase pattern : 0 milli [0.00%]
	--- Context dependent statistics ---
	Number of pushes / pops: 0 / 0
		[0.00%] Pre-Push hook: 0 milli
		[0.00%] Push : 0 milli
		[0.00%] Post-Pop hook: 0 milli
		[0.00%] Pop : 0 milli
		[0.00%] Total context-switching time: 0 milli
	--- Proof Certificate ---
	Number of certified leaves: 0
	Number of leaves to delegate: 0

---
Running deeppoly!Use largest interval!
Running deeppoly!Running deeppoly!
Engine::solve: sat assignment found

21:55:07 Statistics update:
	--- Time Statistics ---
	Total time elapsed: 716 milli (00:00:00)
		Main loop: 440 milli (00:00:00)
		Preprocessing time: 240 milli (00:00:00)
		Unknown: 35 milli (00:00:00)
	Breakdown for main loop:
		[64.99%] Simplex steps: 286 milli
		[25.79%] Explicit-basis bound tightening: 113 milli
		[0.00%] Constraint-matrix bound tightening: 0 milli
		[0.51%] Degradation checking: 2 milli
		[0.00%] Precision restoration: 0 milli
		[0.71%] Statistics handling: 3 milli
		[0.00%] Constraint-fixing steps: 0 milli
		[0.05%] Valid case splits: 0 milli. Average per split: 0.00 milli
		[0.07%] Applying stored bound-tightening: 0 milli
		[0.03%] SMT core: 0 milli
		[9.04%] Symbolic Bound Tightening: 39 milli
		[40.49%] SoI-based local search: 178 milli
		[0.00%] SoI-based local search: 0 milli
		[4191574941025730.00%] Unaccounted for: 0 milli
	--- Preprocessor Statistics ---
	Number of preprocessor bound-tightening loop iterations: 8
	Number of eliminated variables: 26
	Number of constraints removed due to variable elimination: 26
	Number of equations removed due to variable elimination: 0
	--- Engine Statistics ---
	Number of main loop iterations: 858
		854 iterations were simplex steps. Total time: 286 milli. Average: 0.33 milli.
		0 iterations were constraint-fixing steps. Total time: 0 milli. Average: 0.00 milli
	Number of active piecewise-linear constraints: 255 / 274
		Constraints disabled by valid splits: 19. By SMT-originated splits: 0
	Last reported degradation: 0.0000000000. Max degradation so far: 0.0000000000. Restorations so far: 0
	Number of simplex pivots we attempted to skip because of instability: 0.
	Unstable pivots performed anyway: 0
	--- Tableau Statistics ---
	Total number of pivots performed: 833
		Real pivots: 833. Degenerate: 0 (0.00%)
		Degenerate pivots by request (e.g., to fix a PL constraint): 0 (0.00%)
		Average time per pivot: 0.09 milli
	Total number of fake pivots performed: 5
	Total number of rows added: 0. Number of merged columns: 0
	Current tableau dimensions: M = 609, N = 1497
	--- SMT Core Statistics ---
	Total depth is 1. Total visited states: 2. Number of splits: 1. Number of pops: 0
	Max stack depth: 1
	--- Bound Tightening Statistics ---
	Number of tightened bounds: 579.
		Number of rows examined by row tightener: 833. Consequent tightenings: 1
		Number of explicit basis matrices examined by row tightener: 4. Consequent tightenings: 254
		Number of bound tightening rounds on the entire constraint matrix: 0. Consequent tightenings: 0
		Number of bound notifications sent to PL constraints: 2166. Tightenings proposed: 0
	--- Basis Factorization statistics ---
	Number of basis refactorizations: 9
	--- Projected Steepest Edge Statistics ---
	Number of iterations: 838.
	Number of resets to reference space: 1. Avg. iterations per reset: 838
	--- SBT ---
	Number of tightened bounds: 1331
	--- SoI-based local search ---
	Number of proposed phase pattern update: 6. Number of accepted update: 6 [100.00%]
	Total time (% of local search time) updating SoI phase pattern : 566 milli [0.32%]
	Total time obtaining current assignment: 1451 milli [0.81%]
	Total time getting SoI phase pattern : 1032 milli [0.23%]
	--- Context dependent statistics ---
	Number of pushes / pops: 1 / 0
		[0.00%] Pre-Push hook: 0 milli
		[0.00%] Push : 0 milli
		[0.00%] Post-Pop hook: 0 milli
		[0.00%] Pop : 0 milli
		[0.00%] Total context-switching time: 0 milli
	--- Proof Certificate ---
	Number of certified leaves: 0
	Number of leaves to delegate: 0
sat
Input assignment:
	x0 = 0.611318
	x1 = -0.000103
	x2 = -0.100515
	x3 = 0.450000
	x4 = -0.453774

Output:
	y0 = 0.025566
	y1 = -0.018580
	y2 = 0.021852
	y3 = -0.017945
	y4 = 0.022906

