Network: /home/center/CDCL-Marabou/sat_example/prop2/ACASXU_experimental_v2a_2_8.nnet
Number of layers: 8. Input layer size: 5. Output layer size: 5. Number of ReLUs: 300
Total number of variables: 610
Property: /home/center/CDCL-Marabou/sat_example/prop2/acas_property_2.txt

Engine::processInputQuery: Input query (before preprocessing): 309 equations, 610 variables
Engine::processInputQuery: Input query (after preprocessing): 609 equations, 899 variables

Input bounds:
	x0: [  0.6000,   0.6799] 
	x1: [ -0.5000,   0.5000] 
	x2: [ -0.5000,   0.5000] 
	x3: [  0.4500,   0.5000] 
	x4: [ -0.5000,  -0.4500] 

Running deeppoly!Branching heuristics set to LargestInterval

Engine::solve: Initial statistics

21:56:15 Statistics update:
	--- Time Statistics ---
	Total time elapsed: 140 milli (00:00:00)
		Main loop: 0 milli (00:00:00)
		Preprocessing time: 81 milli (00:00:00)
		Unknown: 58 milli (00:00:00)
	Breakdown for main loop:
		[0.00%] Simplex steps: 0 milli
		[0.00%] Explicit-basis bound tightening: 0 milli
		[0.00%] Constraint-matrix bound tightening: 0 milli
		[0.00%] Degradation checking: 0 milli
		[0.00%] Precision restoration: 0 milli
		[0.00%] Statistics handling: 0 milli
		[0.00%] Constraint-fixing steps: 0 milli
		[0.00%] Valid case splits: 0 milli. Average per split: 0.00 milli
		[0.00%] Applying stored bound-tightening: 0 milli
		[0.00%] SMT core: 0 milli
		[0.00%] Symbolic Bound Tightening: 6 milli
		[0.00%] SoI-based local search: 0 milli
		[0.00%] SoI-based local search: 0 milli
		[0.00%] Unaccounted for: 0 milli
	--- Preprocessor Statistics ---
	Number of preprocessor bound-tightening loop iterations: 10
	Number of eliminated variables: 15
	Number of constraints removed due to variable elimination: 15
	Number of equations removed due to variable elimination: 0
	--- Engine Statistics ---
	Number of main loop iterations: 1
		0 iterations were simplex steps. Total time: 0 milli. Average: 0.00 milli.
		0 iterations were constraint-fixing steps. Total time: 0 milli. Average: 0.00 milli
	Number of active piecewise-linear constraints: 285 / 285
		Constraints disabled by valid splits: 0. By SMT-originated splits: 0
	Last reported degradation: 0.0000000000. Max degradation so far: 0.0000000000. Restorations so far: 0
	Number of simplex pivots we attempted to skip because of instability: 0.
	Unstable pivots performed anyway: 0
	--- Tableau Statistics ---
	Total number of pivots performed: 0
		Real pivots: 0. Degenerate: 0 (0.00%)
		Degenerate pivots by request (e.g., to fix a PL constraint): 0 (0.00%)
		Average time per pivot: 0.00 milli
	Total number of fake pivots performed: 0
	Total number of rows added: 0. Number of merged columns: 0
	Current tableau dimensions: M = 609, N = 1508
	--- SMT Core Statistics ---
	Total depth is 0. Total visited states: 1. Number of splits: 0. Number of pops: 0
	Max stack depth: 0
	--- Bound Tightening Statistics ---
	Number of tightened bounds: 0.
		Number of rows examined by row tightener: 0. Consequent tightenings: 0
		Number of explicit basis matrices examined by row tightener: 0. Consequent tightenings: 0
		Number of bound tightening rounds on the entire constraint matrix: 0. Consequent tightenings: 0
		Number of bound notifications sent to PL constraints: 1710. Tightenings proposed: 0
	--- Basis Factorization statistics ---
	Number of basis refactorizations: 2
	--- Projected Steepest Edge Statistics ---
	Number of iterations: 0.
	Number of resets to reference space: 1. Avg. iterations per reset: 0
	--- SBT ---
	Number of tightened bounds: 757
	--- SoI-based local search ---
	Number of proposed phase pattern update: 0. Number of accepted update: 0 [0.00%]
	Total time (% of local search time) updating SoI phase pattern : 0 milli [0.00%]
	Total time obtaining current assignment: 0 milli [0.00%]
	Total time getting SoI phase pattern : 0 milli [0.00%]
	--- Context dependent statistics ---
	Number of pushes / pops: 0 / 0
		[0.00%] Pre-Push hook: 0 milli
		[0.00%] Push : 0 milli
		[0.00%] Post-Pop hook: 0 milli
		[0.00%] Pop : 0 milli
		[0.00%] Total context-switching time: 0 milli
	--- Proof Certificate ---
	Number of certified leaves: 0
	Number of leaves to delegate: 0

---
Running deeppoly!Use largest interval!
Running deeppoly!Running deeppoly!
Engine::solve: sat assignment found

21:56:15 Statistics update:
	--- Time Statistics ---
	Total time elapsed: 533 milli (00:00:00)
		Main loop: 392 milli (00:00:00)
		Preprocessing time: 81 milli (00:00:00)
		Unknown: 59 milli (00:00:00)
	Breakdown for main loop:
		[71.21%] Simplex steps: 279 milli
		[21.07%] Explicit-basis bound tightening: 82 milli
		[0.00%] Constraint-matrix bound tightening: 0 milli
		[0.68%] Degradation checking: 2 milli
		[0.00%] Precision restoration: 0 milli
		[0.59%] Statistics handling: 2 milli
		[0.00%] Constraint-fixing steps: 0 milli
		[0.04%] Valid case splits: 0 milli. Average per split: 0.00 milli
		[0.06%] Applying stored bound-tightening: 0 milli
		[0.02%] SMT core: 0 milli
		[6.43%] Symbolic Bound Tightening: 25 milli
		[57.01%] SoI-based local search: 223 milli
		[0.00%] SoI-based local search: 0 milli
		[4695584372197629.00%] Unaccounted for: 0 milli
	--- Preprocessor Statistics ---
	Number of preprocessor bound-tightening loop iterations: 10
	Number of eliminated variables: 15
	Number of constraints removed due to variable elimination: 15
	Number of equations removed due to variable elimination: 0
	--- Engine Statistics ---
	Number of main loop iterations: 919
		915 iterations were simplex steps. Total time: 279 milli. Average: 0.30 milli.
		0 iterations were constraint-fixing steps. Total time: 0 milli. Average: 0.00 milli
	Number of active piecewise-linear constraints: 262 / 285
		Constraints disabled by valid splits: 23. By SMT-originated splits: 0
	Last reported degradation: 0.0000000000. Max degradation so far: 0.0000000000. Restorations so far: 0
	Number of simplex pivots we attempted to skip because of instability: 0.
	Unstable pivots performed anyway: 0
	--- Tableau Statistics ---
	Total number of pivots performed: 903
		Real pivots: 903. Degenerate: 0 (0.00%)
		Degenerate pivots by request (e.g., to fix a PL constraint): 0 (0.00%)
		Average time per pivot: 0.07 milli
	Total number of fake pivots performed: 2
	Total number of rows added: 0. Number of merged columns: 0
	Current tableau dimensions: M = 609, N = 1508
	--- SMT Core Statistics ---
	Total depth is 1. Total visited states: 2. Number of splits: 1. Number of pops: 0
	Max stack depth: 1
	--- Bound Tightening Statistics ---
	Number of tightened bounds: 565.
		Number of rows examined by row tightener: 903. Consequent tightenings: 0
		Number of explicit basis matrices examined by row tightener: 3. Consequent tightenings: 232
		Number of bound tightening rounds on the entire constraint matrix: 0. Consequent tightenings: 0
		Number of bound notifications sent to PL constraints: 2238. Tightenings proposed: 0
	--- Basis Factorization statistics ---
	Number of basis refactorizations: 10
	--- Projected Steepest Edge Statistics ---
	Number of iterations: 905.
	Number of resets to reference space: 1. Avg. iterations per reset: 905
	--- SBT ---
	Number of tightened bounds: 1320
	--- SoI-based local search ---
	Number of proposed phase pattern update: 3. Number of accepted update: 3 [100.00%]
	Total time (% of local search time) updating SoI phase pattern : 400 milli [0.18%]
	Total time obtaining current assignment: 805 milli [0.36%]
	Total time getting SoI phase pattern : 562 milli [0.14%]
	--- Context dependent statistics ---
	Number of pushes / pops: 1 / 0
		[0.00%] Pre-Push hook: 0 milli
		[0.00%] Push : 0 milli
		[0.00%] Post-Pop hook: 0 milli
		[0.00%] Pop : 0 milli
		[0.00%] Total context-switching time: 0 milli
	--- Proof Certificate ---
	Number of certified leaves: 0
	Number of leaves to delegate: 0
sat
Input assignment:
	x0 = 0.600000
	x1 = -0.019080
	x2 = 0.062595
	x3 = 0.500000
	x4 = -0.462188

Output:
	y0 = 0.021739
	y1 = -0.020726
	y2 = 0.020281
	y3 = -0.014911
	y4 = 0.021739

